CRITICAL - 2024-08-06 03:30:05 --> ErrorException: Namespace declaration statement has to be the very first statement or after any declare call in the script
[Method: GET, Route: clientes]
in APPPATH\Controllers\Clientes.php on line 4.
 1 [internal function]: CodeIgniter\Debug\Exceptions->shutdownHandler()
CRITICAL - 2024-08-06 03:45:08 --> ErrorException: Undefined property: App\Controllers\Usuario_controller::$usuario_model
[Method: GET, Route: listado_usuario]
in APPPATH\Controllers\Usuario_controller.php on line 12.
 1 APPPATH\Controllers\Usuario_controller.php(12): CodeIgniter\Debug\Exceptions->errorHandler(2, 'Undefined property: App\\Controllers\\Usuario_controller::$usuario_model', 'C:\\xampp\\htdocs\\ProT3_31969826_nuevo\\app\\Controllers\\Usuario_controller.php', 12)
 2 SYSTEMPATH\CodeIgniter.php(933): App\Controllers\Usuario_controller->listado()
 3 SYSTEMPATH\CodeIgniter.php(509): CodeIgniter\CodeIgniter->runController(Object(App\Controllers\Usuario_controller))
 4 SYSTEMPATH\CodeIgniter.php(355): CodeIgniter\CodeIgniter->handleRequest(null, Object(Config\Cache), false)
 5 SYSTEMPATH\Boot.php(325): CodeIgniter\CodeIgniter->run()
 6 SYSTEMPATH\Boot.php(67): CodeIgniter\Boot::runCodeIgniter(Object(CodeIgniter\CodeIgniter))
 7 FCPATH\index.php(56): CodeIgniter\Boot::bootWeb(Object(Config\Paths))
CRITICAL - 2024-08-06 04:06:53 --> ErrorException: Undefined variable $model_user
[Method: GET, Route: usuario/ver/15]
in APPPATH\Controllers\Usuario_controller.php on line 84.
 1 APPPATH\Controllers\Usuario_controller.php(84): CodeIgniter\Debug\Exceptions->errorHandler(2, 'Undefined variable $model_user', 'C:\\xampp\\htdocs\\ProT3_31969826_nuevo\\app\\Controllers\\Usuario_controller.php', 84)
 2 SYSTEMPATH\CodeIgniter.php(933): App\Controllers\Usuario_controller->ver_usuario('15')
 3 SYSTEMPATH\CodeIgniter.php(509): CodeIgniter\CodeIgniter->runController(Object(App\Controllers\Usuario_controller))
 4 SYSTEMPATH\CodeIgniter.php(355): CodeIgniter\CodeIgniter->handleRequest(null, Object(Config\Cache), false)
 5 SYSTEMPATH\Boot.php(325): CodeIgniter\CodeIgniter->run()
 6 SYSTEMPATH\Boot.php(67): CodeIgniter\Boot::runCodeIgniter(Object(CodeIgniter\CodeIgniter))
 7 FCPATH\index.php(56): CodeIgniter\Boot::bootWeb(Object(Config\Paths))
CRITICAL - 2024-08-06 04:07:08 --> ErrorException: New expressions are not supported in this context
[Method: GET, Route: usuario/ver/15]
in APPPATH\Controllers\Usuario_controller.php on line 7.
 1 [internal function]: CodeIgniter\Debug\Exceptions->shutdownHandler()
CRITICAL - 2024-08-06 04:07:19 --> ErrorException: New expressions are not supported in this context
[Method: GET, Route: usuario/ver/15]
in APPPATH\Controllers\Usuario_controller.php on line 7.
 1 [internal function]: CodeIgniter\Debug\Exceptions->shutdownHandler()
CRITICAL - 2024-08-06 04:08:01 --> Error: Call to undefined function App\Controllers\print_f()
[Method: GET, Route: usuario/ver/15]
in APPPATH\Controllers\Usuario_controller.php on line 85.
 1 SYSTEMPATH\CodeIgniter.php(933): App\Controllers\Usuario_controller->ver_usuario('15')
 2 SYSTEMPATH\CodeIgniter.php(509): CodeIgniter\CodeIgniter->runController(Object(App\Controllers\Usuario_controller))
 3 SYSTEMPATH\CodeIgniter.php(355): CodeIgniter\CodeIgniter->handleRequest(null, Object(Config\Cache), false)
 4 SYSTEMPATH\Boot.php(325): CodeIgniter\CodeIgniter->run()
 5 SYSTEMPATH\Boot.php(67): CodeIgniter\Boot::runCodeIgniter(Object(CodeIgniter\CodeIgniter))
 6 FCPATH\index.php(56): CodeIgniter\Boot::bootWeb(Object(Config\Paths))
CRITICAL - 2024-08-06 04:08:28 --> ErrorException: Array to string conversion
[Method: GET, Route: usuario/ver/15]
in APPPATH\Controllers\Usuario_controller.php on line 85.
 1 APPPATH\Controllers\Usuario_controller.php(85): CodeIgniter\Debug\Exceptions->errorHandler(2, 'Array to string conversion', 'C:\\xampp\\htdocs\\ProT3_31969826_nuevo\\app\\Controllers\\Usuario_controller.php', 85)
 2 SYSTEMPATH\CodeIgniter.php(933): App\Controllers\Usuario_controller->ver_usuario('15')
 3 SYSTEMPATH\CodeIgniter.php(509): CodeIgniter\CodeIgniter->runController(Object(App\Controllers\Usuario_controller))
 4 SYSTEMPATH\CodeIgniter.php(355): CodeIgniter\CodeIgniter->handleRequest(null, Object(Config\Cache), false)
 5 SYSTEMPATH\Boot.php(325): CodeIgniter\CodeIgniter->run()
 6 SYSTEMPATH\Boot.php(67): CodeIgniter\Boot::runCodeIgniter(Object(CodeIgniter\CodeIgniter))
 7 FCPATH\index.php(56): CodeIgniter\Boot::bootWeb(Object(Config\Paths))
CRITICAL - 2024-08-06 04:08:41 --> Error: Call to undefined function App\Controllers\print_f()
[Method: GET, Route: usuario/ver/15]
in APPPATH\Controllers\Usuario_controller.php on line 85.
 1 SYSTEMPATH\CodeIgniter.php(933): App\Controllers\Usuario_controller->ver_usuario('15')
 2 SYSTEMPATH\CodeIgniter.php(509): CodeIgniter\CodeIgniter->runController(Object(App\Controllers\Usuario_controller))
 3 SYSTEMPATH\CodeIgniter.php(355): CodeIgniter\CodeIgniter->handleRequest(null, Object(Config\Cache), false)
 4 SYSTEMPATH\Boot.php(325): CodeIgniter\CodeIgniter->run()
 5 SYSTEMPATH\Boot.php(67): CodeIgniter\Boot::runCodeIgniter(Object(CodeIgniter\CodeIgniter))
 6 FCPATH\index.php(56): CodeIgniter\Boot::bootWeb(Object(Config\Paths))
CRITICAL - 2024-08-06 05:21:10 --> ErrorException: Undefined array key "nombre"
[Method: GET, Route: listado_usuario]
in APPPATH\Views\Back\usuario\listado.php on line 137.
 1 APPPATH\Views\Back\usuario\listado.php(137): CodeIgniter\Debug\Exceptions->errorHandler(2, 'Undefined array key "nombre"', 'C:\\xampp\\htdocs\\ProT3_31969826_nuevo\\app\\Views\\Back\\usuario\\listado.php', 137)
 2 SYSTEMPATH\View\View.php(234): include('C:\\xampp\\htdocs\\ProT3_31969826_nuevo\\app\\Views\\Back\\usuario\\listado.php')
 3 SYSTEMPATH\View\View.php(237): CodeIgniter\View\View->CodeIgniter\View\{closure}()
 4 SYSTEMPATH\Common.php(1171): CodeIgniter\View\View->render('Back/usuario/listado', [], true)
 5 APPPATH\Controllers\Usuario_controller.php(15): view('Back/usuario/listado', [...])
 6 SYSTEMPATH\CodeIgniter.php(933): App\Controllers\Usuario_controller->listado()
 7 SYSTEMPATH\CodeIgniter.php(509): CodeIgniter\CodeIgniter->runController(Object(App\Controllers\Usuario_controller))
 8 SYSTEMPATH\CodeIgniter.php(355): CodeIgniter\CodeIgniter->handleRequest(null, Object(Config\Cache), false)
 9 SYSTEMPATH\Boot.php(325): CodeIgniter\CodeIgniter->run()
10 SYSTEMPATH\Boot.php(67): CodeIgniter\Boot::runCodeIgniter(Object(CodeIgniter\CodeIgniter))
11 FCPATH\index.php(56): CodeIgniter\Boot::bootWeb(Object(Config\Paths))
CRITICAL - 2024-08-06 12:52:38 --> ErrorException: Undefined array key "ver_usuario"
[Method: GET, Route: listado_usuario]
in APPPATH\Views\Back\usuario\listado.php on line 150.
 1 APPPATH\Views\Back\usuario\listado.php(150): CodeIgniter\Debug\Exceptions->errorHandler(2, 'Undefined array key "ver_usuario"', 'C:\\xampp\\htdocs\\ProT3_31969826_nuevo\\app\\Views\\Back\\usuario\\listado.php', 150)
 2 SYSTEMPATH\View\View.php(234): include('C:\\xampp\\htdocs\\ProT3_31969826_nuevo\\app\\Views\\Back\\usuario\\listado.php')
 3 SYSTEMPATH\View\View.php(237): CodeIgniter\View\View->CodeIgniter\View\{closure}()
 4 SYSTEMPATH\Common.php(1171): CodeIgniter\View\View->render('Back/usuario/listado', [], true)
 5 APPPATH\Controllers\Usuario_controller.php(18): view('Back/usuario/listado', [...])
 6 SYSTEMPATH\CodeIgniter.php(933): App\Controllers\Usuario_controller->listado()
 7 SYSTEMPATH\CodeIgniter.php(509): CodeIgniter\CodeIgniter->runController(Object(App\Controllers\Usuario_controller))
 8 SYSTEMPATH\CodeIgniter.php(355): CodeIgniter\CodeIgniter->handleRequest(null, Object(Config\Cache), false)
 9 SYSTEMPATH\Boot.php(325): CodeIgniter\CodeIgniter->run()
10 SYSTEMPATH\Boot.php(67): CodeIgniter\Boot::runCodeIgniter(Object(CodeIgniter\CodeIgniter))
11 FCPATH\index.php(56): CodeIgniter\Boot::bootWeb(Object(Config\Paths))
CRITICAL - 2024-08-06 12:58:38 --> ErrorException: Undefined variable $dato
[Method: GET, Route: index]
in APPPATH\Views\Back\usuario\editar.php on line 20.
 1 APPPATH\Views\Back\usuario\editar.php(20): CodeIgniter\Debug\Exceptions->errorHandler(2, 'Undefined variable $dato', 'C:\\xampp\\htdocs\\ProT3_31969826_nuevo\\app\\Views\\Back\\usuario\\editar.php', 20)
 2 SYSTEMPATH\View\View.php(234): include('C:\\xampp\\htdocs\\ProT3_31969826_nuevo\\app\\Views\\Back\\usuario\\editar.php')
 3 SYSTEMPATH\View\View.php(237): CodeIgniter\View\View->CodeIgniter\View\{closure}()
 4 SYSTEMPATH\Common.php(1171): CodeIgniter\View\View->render('Back/usuario/editar', [], true)
 5 APPPATH\Controllers\Home.php(12): view('Back/usuario/editar')
 6 SYSTEMPATH\CodeIgniter.php(933): App\Controllers\Home->index()
 7 SYSTEMPATH\CodeIgniter.php(509): CodeIgniter\CodeIgniter->runController(Object(App\Controllers\Home))
 8 SYSTEMPATH\CodeIgniter.php(355): CodeIgniter\CodeIgniter->handleRequest(null, Object(Config\Cache), false)
 9 SYSTEMPATH\Boot.php(325): CodeIgniter\CodeIgniter->run()
10 SYSTEMPATH\Boot.php(67): CodeIgniter\Boot::runCodeIgniter(Object(CodeIgniter\CodeIgniter))
11 FCPATH\index.php(56): CodeIgniter\Boot::bootWeb(Object(Config\Paths))
CRITICAL - 2024-08-06 13:47:17 --> ParseError: syntax error, unexpected variable "$data"
[Method: GET, Route: listado_usuario]
in APPPATH\Controllers\Usuario_controller.php on line 97.
 1 SYSTEMPATH\Autoloader\Autoloader.php(296): CodeIgniter\Autoloader\Autoloader->includeFile('C:\\xampp\\htdocs\\ProT3_31969826_nuevo\\app\\Controllers\\Usuario_controller.php')
 2 SYSTEMPATH\Autoloader\Autoloader.php(272): CodeIgniter\Autoloader\Autoloader->loadInNamespace('App\\Controllers\\Usuario_controller')
 3 [internal function]: CodeIgniter\Autoloader\Autoloader->loadClass('App\\Controllers\\Usuario_controller')
 4 SYSTEMPATH\CodeIgniter.php(887): class_exists('\\App\\Controllers\\Usuario_controller', true)
 5 SYSTEMPATH\CodeIgniter.php(496): CodeIgniter\CodeIgniter->startController()
 6 SYSTEMPATH\CodeIgniter.php(355): CodeIgniter\CodeIgniter->handleRequest(null, Object(Config\Cache), false)
 7 SYSTEMPATH\Boot.php(325): CodeIgniter\CodeIgniter->run()
 8 SYSTEMPATH\Boot.php(67): CodeIgniter\Boot::runCodeIgniter(Object(CodeIgniter\CodeIgniter))
 9 FCPATH\index.php(56): CodeIgniter\Boot::bootWeb(Object(Config\Paths))
CRITICAL - 2024-08-06 14:24:28 --> ErrorException: Undefined variable $id_usuario
[Method: GET, Route: usuario/ver/1]
in APPPATH\Controllers\Usuario_controller.php on line 88.
 1 APPPATH\Controllers\Usuario_controller.php(88): CodeIgniter\Debug\Exceptions->errorHandler(2, 'Undefined variable $id_usuario', 'C:\\xampp\\htdocs\\ProT3_31969826_nuevo\\app\\Controllers\\Usuario_controller.php', 88)
 2 SYSTEMPATH\CodeIgniter.php(933): App\Controllers\Usuario_controller->ver_usuario('1')
 3 SYSTEMPATH\CodeIgniter.php(509): CodeIgniter\CodeIgniter->runController(Object(App\Controllers\Usuario_controller))
 4 SYSTEMPATH\CodeIgniter.php(355): CodeIgniter\CodeIgniter->handleRequest(null, Object(Config\Cache), false)
 5 SYSTEMPATH\Boot.php(325): CodeIgniter\CodeIgniter->run()
 6 SYSTEMPATH\Boot.php(67): CodeIgniter\Boot::runCodeIgniter(Object(CodeIgniter\CodeIgniter))
 7 FCPATH\index.php(56): CodeIgniter\Boot::bootWeb(Object(Config\Paths))
CRITICAL - 2024-08-06 14:52:39 --> ErrorException: Undefined variable $id_usuario
[Method: GET, Route: usuario/ver/1]
in APPPATH\Controllers\Usuario_controller.php on line 88.
 1 APPPATH\Controllers\Usuario_controller.php(88): CodeIgniter\Debug\Exceptions->errorHandler(2, 'Undefined variable $id_usuario', 'C:\\xampp\\htdocs\\ProT3_31969826_nuevo\\app\\Controllers\\Usuario_controller.php', 88)
 2 SYSTEMPATH\CodeIgniter.php(933): App\Controllers\Usuario_controller->ver_usuario('1')
 3 SYSTEMPATH\CodeIgniter.php(509): CodeIgniter\CodeIgniter->runController(Object(App\Controllers\Usuario_controller))
 4 SYSTEMPATH\CodeIgniter.php(355): CodeIgniter\CodeIgniter->handleRequest(null, Object(Config\Cache), false)
 5 SYSTEMPATH\Boot.php(325): CodeIgniter\CodeIgniter->run()
 6 SYSTEMPATH\Boot.php(67): CodeIgniter\Boot::runCodeIgniter(Object(CodeIgniter\CodeIgniter))
 7 FCPATH\index.php(56): CodeIgniter\Boot::bootWeb(Object(Config\Paths))
CRITICAL - 2024-08-06 14:54:25 --> ErrorException: Undefined variable $id_usuario
[Method: GET, Route: usuario/ver/1]
in APPPATH\Controllers\Usuario_controller.php on line 88.
 1 APPPATH\Controllers\Usuario_controller.php(88): CodeIgniter\Debug\Exceptions->errorHandler(2, 'Undefined variable $id_usuario', 'C:\\xampp\\htdocs\\ProT3_31969826_nuevo\\app\\Controllers\\Usuario_controller.php', 88)
 2 SYSTEMPATH\CodeIgniter.php(933): App\Controllers\Usuario_controller->ver_usuario('1')
 3 SYSTEMPATH\CodeIgniter.php(509): CodeIgniter\CodeIgniter->runController(Object(App\Controllers\Usuario_controller))
 4 SYSTEMPATH\CodeIgniter.php(355): CodeIgniter\CodeIgniter->handleRequest(null, Object(Config\Cache), false)
 5 SYSTEMPATH\Boot.php(325): CodeIgniter\CodeIgniter->run()
 6 SYSTEMPATH\Boot.php(67): CodeIgniter\Boot::runCodeIgniter(Object(CodeIgniter\CodeIgniter))
 7 FCPATH\index.php(56): CodeIgniter\Boot::bootWeb(Object(Config\Paths))
CRITICAL - 2024-08-06 14:54:29 --> ErrorException: Undefined variable $id_usuario
[Method: GET, Route: usuario/ver/1]
in APPPATH\Controllers\Usuario_controller.php on line 88.
 1 APPPATH\Controllers\Usuario_controller.php(88): CodeIgniter\Debug\Exceptions->errorHandler(2, 'Undefined variable $id_usuario', 'C:\\xampp\\htdocs\\ProT3_31969826_nuevo\\app\\Controllers\\Usuario_controller.php', 88)
 2 SYSTEMPATH\CodeIgniter.php(933): App\Controllers\Usuario_controller->ver_usuario('1')
 3 SYSTEMPATH\CodeIgniter.php(509): CodeIgniter\CodeIgniter->runController(Object(App\Controllers\Usuario_controller))
 4 SYSTEMPATH\CodeIgniter.php(355): CodeIgniter\CodeIgniter->handleRequest(null, Object(Config\Cache), false)
 5 SYSTEMPATH\Boot.php(325): CodeIgniter\CodeIgniter->run()
 6 SYSTEMPATH\Boot.php(67): CodeIgniter\Boot::runCodeIgniter(Object(CodeIgniter\CodeIgniter))
 7 FCPATH\index.php(56): CodeIgniter\Boot::bootWeb(Object(Config\Paths))
CRITICAL - 2024-08-06 14:54:53 --> ParseError: syntax error, unexpected token "public", expecting end of file
[Method: GET, Route: usuario/ver/1]
in APPPATH\Controllers\Usuario_controller.php on line 95.
 1 SYSTEMPATH\Autoloader\Autoloader.php(296): CodeIgniter\Autoloader\Autoloader->includeFile('C:\\xampp\\htdocs\\ProT3_31969826_nuevo\\app\\Controllers\\Usuario_controller.php')
 2 SYSTEMPATH\Autoloader\Autoloader.php(272): CodeIgniter\Autoloader\Autoloader->loadInNamespace('App\\Controllers\\Usuario_controller')
 3 [internal function]: CodeIgniter\Autoloader\Autoloader->loadClass('App\\Controllers\\Usuario_controller')
 4 SYSTEMPATH\CodeIgniter.php(887): class_exists('\\App\\Controllers\\Usuario_controller', true)
 5 SYSTEMPATH\CodeIgniter.php(496): CodeIgniter\CodeIgniter->startController()
 6 SYSTEMPATH\CodeIgniter.php(355): CodeIgniter\CodeIgniter->handleRequest(null, Object(Config\Cache), false)
 7 SYSTEMPATH\Boot.php(325): CodeIgniter\CodeIgniter->run()
 8 SYSTEMPATH\Boot.php(67): CodeIgniter\Boot::runCodeIgniter(Object(CodeIgniter\CodeIgniter))
 9 FCPATH\index.php(56): CodeIgniter\Boot::bootWeb(Object(Config\Paths))
CRITICAL - 2024-08-06 14:55:49 --> ErrorException: Undefined variable $id_usuario
[Method: GET, Route: usuario/ver/1]
in APPPATH\Controllers\Usuario_controller.php on line 88.
 1 APPPATH\Controllers\Usuario_controller.php(88): CodeIgniter\Debug\Exceptions->errorHandler(2, 'Undefined variable $id_usuario', 'C:\\xampp\\htdocs\\ProT3_31969826_nuevo\\app\\Controllers\\Usuario_controller.php', 88)
 2 SYSTEMPATH\CodeIgniter.php(933): App\Controllers\Usuario_controller->ver_usuario('1')
 3 SYSTEMPATH\CodeIgniter.php(509): CodeIgniter\CodeIgniter->runController(Object(App\Controllers\Usuario_controller))
 4 SYSTEMPATH\CodeIgniter.php(355): CodeIgniter\CodeIgniter->handleRequest(null, Object(Config\Cache), false)
 5 SYSTEMPATH\Boot.php(325): CodeIgniter\CodeIgniter->run()
 6 SYSTEMPATH\Boot.php(67): CodeIgniter\Boot::runCodeIgniter(Object(CodeIgniter\CodeIgniter))
 7 FCPATH\index.php(56): CodeIgniter\Boot::bootWeb(Object(Config\Paths))
CRITICAL - 2024-08-06 14:56:36 --> ErrorException: Undefined variable $id_usuario
[Method: GET, Route: usuario/ver/1]
in APPPATH\Controllers\Usuario_controller.php on line 88.
 1 APPPATH\Controllers\Usuario_controller.php(88): CodeIgniter\Debug\Exceptions->errorHandler(2, 'Undefined variable $id_usuario', 'C:\\xampp\\htdocs\\ProT3_31969826_nuevo\\app\\Controllers\\Usuario_controller.php', 88)
 2 SYSTEMPATH\CodeIgniter.php(933): App\Controllers\Usuario_controller->ver_usuario('1')
 3 SYSTEMPATH\CodeIgniter.php(509): CodeIgniter\CodeIgniter->runController(Object(App\Controllers\Usuario_controller))
 4 SYSTEMPATH\CodeIgniter.php(355): CodeIgniter\CodeIgniter->handleRequest(null, Object(Config\Cache), false)
 5 SYSTEMPATH\Boot.php(325): CodeIgniter\CodeIgniter->run()
 6 SYSTEMPATH\Boot.php(67): CodeIgniter\Boot::runCodeIgniter(Object(CodeIgniter\CodeIgniter))
 7 FCPATH\index.php(56): CodeIgniter\Boot::bootWeb(Object(Config\Paths))
CRITICAL - 2024-08-06 14:56:55 --> ErrorException: Undefined variable $id_usuario
[Method: GET, Route: usuario/ver/1]
in APPPATH\Controllers\Usuario_controller.php on line 88.
 1 APPPATH\Controllers\Usuario_controller.php(88): CodeIgniter\Debug\Exceptions->errorHandler(2, 'Undefined variable $id_usuario', 'C:\\xampp\\htdocs\\ProT3_31969826_nuevo\\app\\Controllers\\Usuario_controller.php', 88)
 2 SYSTEMPATH\CodeIgniter.php(933): App\Controllers\Usuario_controller->ver_usuario('1')
 3 SYSTEMPATH\CodeIgniter.php(509): CodeIgniter\CodeIgniter->runController(Object(App\Controllers\Usuario_controller))
 4 SYSTEMPATH\CodeIgniter.php(355): CodeIgniter\CodeIgniter->handleRequest(null, Object(Config\Cache), false)
 5 SYSTEMPATH\Boot.php(325): CodeIgniter\CodeIgniter->run()
 6 SYSTEMPATH\Boot.php(67): CodeIgniter\Boot::runCodeIgniter(Object(CodeIgniter\CodeIgniter))
 7 FCPATH\index.php(56): CodeIgniter\Boot::bootWeb(Object(Config\Paths))
CRITICAL - 2024-08-06 15:02:21 --> ErrorException: Undefined variable $id_usuario
[Method: GET, Route: usuario/ver/1]
in APPPATH\Controllers\Usuario_controller.php on line 88.
 1 APPPATH\Controllers\Usuario_controller.php(88): CodeIgniter\Debug\Exceptions->errorHandler(2, 'Undefined variable $id_usuario', 'C:\\xampp\\htdocs\\ProT3_31969826_nuevo\\app\\Controllers\\Usuario_controller.php', 88)
 2 SYSTEMPATH\CodeIgniter.php(933): App\Controllers\Usuario_controller->ver_usuario('1')
 3 SYSTEMPATH\CodeIgniter.php(509): CodeIgniter\CodeIgniter->runController(Object(App\Controllers\Usuario_controller))
 4 SYSTEMPATH\CodeIgniter.php(355): CodeIgniter\CodeIgniter->handleRequest(null, Object(Config\Cache), false)
 5 SYSTEMPATH\Boot.php(325): CodeIgniter\CodeIgniter->run()
 6 SYSTEMPATH\Boot.php(67): CodeIgniter\Boot::runCodeIgniter(Object(CodeIgniter\CodeIgniter))
 7 FCPATH\index.php(56): CodeIgniter\Boot::bootWeb(Object(Config\Paths))
CRITICAL - 2024-08-06 15:03:07 --> ErrorException: Undefined variable $id_usuario
[Method: GET, Route: usuario/ver/1]
in APPPATH\Controllers\Usuario_controller.php on line 88.
 1 APPPATH\Controllers\Usuario_controller.php(88): CodeIgniter\Debug\Exceptions->errorHandler(2, 'Undefined variable $id_usuario', 'C:\\xampp\\htdocs\\ProT3_31969826_nuevo\\app\\Controllers\\Usuario_controller.php', 88)
 2 SYSTEMPATH\CodeIgniter.php(933): App\Controllers\Usuario_controller->ver_usuario('1')
 3 SYSTEMPATH\CodeIgniter.php(509): CodeIgniter\CodeIgniter->runController(Object(App\Controllers\Usuario_controller))
 4 SYSTEMPATH\CodeIgniter.php(355): CodeIgniter\CodeIgniter->handleRequest(null, Object(Config\Cache), false)
 5 SYSTEMPATH\Boot.php(325): CodeIgniter\CodeIgniter->run()
 6 SYSTEMPATH\Boot.php(67): CodeIgniter\Boot::runCodeIgniter(Object(CodeIgniter\CodeIgniter))
 7 FCPATH\index.php(56): CodeIgniter\Boot::bootWeb(Object(Config\Paths))
CRITICAL - 2024-08-06 15:06:13 --> ErrorException: Undefined variable $id_usuario
[Method: GET, Route: usuario/ver/2]
in APPPATH\Controllers\Usuario_controller.php on line 88.
 1 APPPATH\Controllers\Usuario_controller.php(88): CodeIgniter\Debug\Exceptions->errorHandler(2, 'Undefined variable $id_usuario', 'C:\\xampp\\htdocs\\ProT3_31969826_nuevo\\app\\Controllers\\Usuario_controller.php', 88)
 2 SYSTEMPATH\CodeIgniter.php(933): App\Controllers\Usuario_controller->ver_usuario('2')
 3 SYSTEMPATH\CodeIgniter.php(509): CodeIgniter\CodeIgniter->runController(Object(App\Controllers\Usuario_controller))
 4 SYSTEMPATH\CodeIgniter.php(355): CodeIgniter\CodeIgniter->handleRequest(null, Object(Config\Cache), false)
 5 SYSTEMPATH\Boot.php(325): CodeIgniter\CodeIgniter->run()
 6 SYSTEMPATH\Boot.php(67): CodeIgniter\Boot::runCodeIgniter(Object(CodeIgniter\CodeIgniter))
 7 FCPATH\index.php(56): CodeIgniter\Boot::bootWeb(Object(Config\Paths))
CRITICAL - 2024-08-06 15:13:06 --> ErrorException: Undefined variable $id_usuario
[Method: GET, Route: usuario/ver/1]
in APPPATH\Controllers\Usuario_controller.php on line 88.
 1 APPPATH\Controllers\Usuario_controller.php(88): CodeIgniter\Debug\Exceptions->errorHandler(2, 'Undefined variable $id_usuario', 'C:\\xampp\\htdocs\\ProT3_31969826_nuevo\\app\\Controllers\\Usuario_controller.php', 88)
 2 SYSTEMPATH\CodeIgniter.php(933): App\Controllers\Usuario_controller->ver_usuario('1')
 3 SYSTEMPATH\CodeIgniter.php(509): CodeIgniter\CodeIgniter->runController(Object(App\Controllers\Usuario_controller))
 4 SYSTEMPATH\CodeIgniter.php(355): CodeIgniter\CodeIgniter->handleRequest(null, Object(Config\Cache), false)
 5 SYSTEMPATH\Boot.php(325): CodeIgniter\CodeIgniter->run()
 6 SYSTEMPATH\Boot.php(67): CodeIgniter\Boot::runCodeIgniter(Object(CodeIgniter\CodeIgniter))
 7 FCPATH\index.php(56): CodeIgniter\Boot::bootWeb(Object(Config\Paths))
CRITICAL - 2024-08-06 15:13:59 --> ErrorException: Undefined variable $id_usuario
[Method: GET, Route: usuario/ver/1]
in APPPATH\Controllers\Usuario_controller.php on line 88.
 1 APPPATH\Controllers\Usuario_controller.php(88): CodeIgniter\Debug\Exceptions->errorHandler(2, 'Undefined variable $id_usuario', 'C:\\xampp\\htdocs\\ProT3_31969826_nuevo\\app\\Controllers\\Usuario_controller.php', 88)
 2 SYSTEMPATH\CodeIgniter.php(933): App\Controllers\Usuario_controller->ver_usuario('1')
 3 SYSTEMPATH\CodeIgniter.php(509): CodeIgniter\CodeIgniter->runController(Object(App\Controllers\Usuario_controller))
 4 SYSTEMPATH\CodeIgniter.php(355): CodeIgniter\CodeIgniter->handleRequest(null, Object(Config\Cache), false)
 5 SYSTEMPATH\Boot.php(325): CodeIgniter\CodeIgniter->run()
 6 SYSTEMPATH\Boot.php(67): CodeIgniter\Boot::runCodeIgniter(Object(CodeIgniter\CodeIgniter))
 7 FCPATH\index.php(56): CodeIgniter\Boot::bootWeb(Object(Config\Paths))
CRITICAL - 2024-08-06 15:14:03 --> ErrorException: Undefined variable $id_usuario
[Method: GET, Route: usuario/ver/2]
in APPPATH\Controllers\Usuario_controller.php on line 88.
 1 APPPATH\Controllers\Usuario_controller.php(88): CodeIgniter\Debug\Exceptions->errorHandler(2, 'Undefined variable $id_usuario', 'C:\\xampp\\htdocs\\ProT3_31969826_nuevo\\app\\Controllers\\Usuario_controller.php', 88)
 2 SYSTEMPATH\CodeIgniter.php(933): App\Controllers\Usuario_controller->ver_usuario('2')
 3 SYSTEMPATH\CodeIgniter.php(509): CodeIgniter\CodeIgniter->runController(Object(App\Controllers\Usuario_controller))
 4 SYSTEMPATH\CodeIgniter.php(355): CodeIgniter\CodeIgniter->handleRequest(null, Object(Config\Cache), false)
 5 SYSTEMPATH\Boot.php(325): CodeIgniter\CodeIgniter->run()
 6 SYSTEMPATH\Boot.php(67): CodeIgniter\Boot::runCodeIgniter(Object(CodeIgniter\CodeIgniter))
 7 FCPATH\index.php(56): CodeIgniter\Boot::bootWeb(Object(Config\Paths))
CRITICAL - 2024-08-06 15:14:55 --> ErrorException: Undefined variable $id_usuario
[Method: GET, Route: usuario/ver/1]
in APPPATH\Controllers\Usuario_controller.php on line 88.
 1 APPPATH\Controllers\Usuario_controller.php(88): CodeIgniter\Debug\Exceptions->errorHandler(2, 'Undefined variable $id_usuario', 'C:\\xampp\\htdocs\\ProT3_31969826_nuevo\\app\\Controllers\\Usuario_controller.php', 88)
 2 SYSTEMPATH\CodeIgniter.php(933): App\Controllers\Usuario_controller->ver_usuario('1')
 3 SYSTEMPATH\CodeIgniter.php(509): CodeIgniter\CodeIgniter->runController(Object(App\Controllers\Usuario_controller))
 4 SYSTEMPATH\CodeIgniter.php(355): CodeIgniter\CodeIgniter->handleRequest(null, Object(Config\Cache), false)
 5 SYSTEMPATH\Boot.php(325): CodeIgniter\CodeIgniter->run()
 6 SYSTEMPATH\Boot.php(67): CodeIgniter\Boot::runCodeIgniter(Object(CodeIgniter\CodeIgniter))
 7 FCPATH\index.php(56): CodeIgniter\Boot::bootWeb(Object(Config\Paths))
CRITICAL - 2024-08-06 15:18:21 --> ErrorException: Undefined array key "mail"
[Method: GET, Route: listado_usuario]
in APPPATH\Views\Back\usuario\listado.php on line 148.
 1 APPPATH\Views\Back\usuario\listado.php(148): CodeIgniter\Debug\Exceptions->errorHandler(2, 'Undefined array key "mail"', 'C:\\xampp\\htdocs\\ProT3_31969826_nuevo\\app\\Views\\Back\\usuario\\listado.php', 148)
 2 SYSTEMPATH\View\View.php(234): include('C:\\xampp\\htdocs\\ProT3_31969826_nuevo\\app\\Views\\Back\\usuario\\listado.php')
 3 SYSTEMPATH\View\View.php(237): CodeIgniter\View\View->CodeIgniter\View\{closure}()
 4 SYSTEMPATH\Common.php(1171): CodeIgniter\View\View->render('Back/usuario/listado', [], true)
 5 APPPATH\Controllers\Usuario_controller.php(19): view('Back/usuario/listado', [...])
 6 SYSTEMPATH\CodeIgniter.php(933): App\Controllers\Usuario_controller->listado()
 7 SYSTEMPATH\CodeIgniter.php(509): CodeIgniter\CodeIgniter->runController(Object(App\Controllers\Usuario_controller))
 8 SYSTEMPATH\CodeIgniter.php(355): CodeIgniter\CodeIgniter->handleRequest(null, Object(Config\Cache), false)
 9 SYSTEMPATH\Boot.php(325): CodeIgniter\CodeIgniter->run()
10 SYSTEMPATH\Boot.php(67): CodeIgniter\Boot::runCodeIgniter(Object(CodeIgniter\CodeIgniter))
11 FCPATH\index.php(56): CodeIgniter\Boot::bootWeb(Object(Config\Paths))
CRITICAL - 2024-08-06 15:18:32 --> ErrorException: Undefined array key "mail"
[Method: GET, Route: listado_usuario]
in APPPATH\Views\Back\usuario\listado.php on line 148.
 1 APPPATH\Views\Back\usuario\listado.php(148): CodeIgniter\Debug\Exceptions->errorHandler(2, 'Undefined array key "mail"', 'C:\\xampp\\htdocs\\ProT3_31969826_nuevo\\app\\Views\\Back\\usuario\\listado.php', 148)
 2 SYSTEMPATH\View\View.php(234): include('C:\\xampp\\htdocs\\ProT3_31969826_nuevo\\app\\Views\\Back\\usuario\\listado.php')
 3 SYSTEMPATH\View\View.php(237): CodeIgniter\View\View->CodeIgniter\View\{closure}()
 4 SYSTEMPATH\Common.php(1171): CodeIgniter\View\View->render('Back/usuario/listado', [], true)
 5 APPPATH\Controllers\Usuario_controller.php(19): view('Back/usuario/listado', [...])
 6 SYSTEMPATH\CodeIgniter.php(933): App\Controllers\Usuario_controller->listado()
 7 SYSTEMPATH\CodeIgniter.php(509): CodeIgniter\CodeIgniter->runController(Object(App\Controllers\Usuario_controller))
 8 SYSTEMPATH\CodeIgniter.php(355): CodeIgniter\CodeIgniter->handleRequest(null, Object(Config\Cache), false)
 9 SYSTEMPATH\Boot.php(325): CodeIgniter\CodeIgniter->run()
10 SYSTEMPATH\Boot.php(67): CodeIgniter\Boot::runCodeIgniter(Object(CodeIgniter\CodeIgniter))
11 FCPATH\index.php(56): CodeIgniter\Boot::bootWeb(Object(Config\Paths))
CRITICAL - 2024-08-06 15:20:55 --> ErrorException: Undefined variable $idUsuario
[Method: GET, Route: usuario/ver/1]
in APPPATH\Controllers\Usuario_controller.php on line 88.
 1 APPPATH\Controllers\Usuario_controller.php(88): CodeIgniter\Debug\Exceptions->errorHandler(2, 'Undefined variable $idUsuario', 'C:\\xampp\\htdocs\\ProT3_31969826_nuevo\\app\\Controllers\\Usuario_controller.php', 88)
 2 SYSTEMPATH\CodeIgniter.php(933): App\Controllers\Usuario_controller->ver_usuario('1')
 3 SYSTEMPATH\CodeIgniter.php(509): CodeIgniter\CodeIgniter->runController(Object(App\Controllers\Usuario_controller))
 4 SYSTEMPATH\CodeIgniter.php(355): CodeIgniter\CodeIgniter->handleRequest(null, Object(Config\Cache), false)
 5 SYSTEMPATH\Boot.php(325): CodeIgniter\CodeIgniter->run()
 6 SYSTEMPATH\Boot.php(67): CodeIgniter\Boot::runCodeIgniter(Object(CodeIgniter\CodeIgniter))
 7 FCPATH\index.php(56): CodeIgniter\Boot::bootWeb(Object(Config\Paths))
CRITICAL - 2024-08-06 15:22:31 --> ErrorException: Undefined variable $id_usuario
[Method: GET, Route: usuario/ver/1]
in APPPATH\Controllers\Usuario_controller.php on line 88.
 1 APPPATH\Controllers\Usuario_controller.php(88): CodeIgniter\Debug\Exceptions->errorHandler(2, 'Undefined variable $id_usuario', 'C:\\xampp\\htdocs\\ProT3_31969826_nuevo\\app\\Controllers\\Usuario_controller.php', 88)
 2 SYSTEMPATH\CodeIgniter.php(933): App\Controllers\Usuario_controller->ver_usuario('1')
 3 SYSTEMPATH\CodeIgniter.php(509): CodeIgniter\CodeIgniter->runController(Object(App\Controllers\Usuario_controller))
 4 SYSTEMPATH\CodeIgniter.php(355): CodeIgniter\CodeIgniter->handleRequest(null, Object(Config\Cache), false)
 5 SYSTEMPATH\Boot.php(325): CodeIgniter\CodeIgniter->run()
 6 SYSTEMPATH\Boot.php(67): CodeIgniter\Boot::runCodeIgniter(Object(CodeIgniter\CodeIgniter))
 7 FCPATH\index.php(56): CodeIgniter\Boot::bootWeb(Object(Config\Paths))
CRITICAL - 2024-08-06 15:23:46 --> ErrorException: Undefined variable $id_usuario
[Method: GET, Route: usuario/ver/1]
in APPPATH\Controllers\Usuario_controller.php on line 88.
 1 APPPATH\Controllers\Usuario_controller.php(88): CodeIgniter\Debug\Exceptions->errorHandler(2, 'Undefined variable $id_usuario', 'C:\\xampp\\htdocs\\ProT3_31969826_nuevo\\app\\Controllers\\Usuario_controller.php', 88)
 2 SYSTEMPATH\CodeIgniter.php(933): App\Controllers\Usuario_controller->ver_usuario('1')
 3 SYSTEMPATH\CodeIgniter.php(509): CodeIgniter\CodeIgniter->runController(Object(App\Controllers\Usuario_controller))
 4 SYSTEMPATH\CodeIgniter.php(355): CodeIgniter\CodeIgniter->handleRequest(null, Object(Config\Cache), false)
 5 SYSTEMPATH\Boot.php(325): CodeIgniter\CodeIgniter->run()
 6 SYSTEMPATH\Boot.php(67): CodeIgniter\Boot::runCodeIgniter(Object(CodeIgniter\CodeIgniter))
 7 FCPATH\index.php(56): CodeIgniter\Boot::bootWeb(Object(Config\Paths))
CRITICAL - 2024-08-06 15:24:20 --> ErrorException: Undefined variable $idUsuario
[Method: GET, Route: usuario/ver/1]
in APPPATH\Controllers\Usuario_controller.php on line 88.
 1 APPPATH\Controllers\Usuario_controller.php(88): CodeIgniter\Debug\Exceptions->errorHandler(2, 'Undefined variable $idUsuario', 'C:\\xampp\\htdocs\\ProT3_31969826_nuevo\\app\\Controllers\\Usuario_controller.php', 88)
 2 SYSTEMPATH\CodeIgniter.php(933): App\Controllers\Usuario_controller->ver_usuario('1')
 3 SYSTEMPATH\CodeIgniter.php(509): CodeIgniter\CodeIgniter->runController(Object(App\Controllers\Usuario_controller))
 4 SYSTEMPATH\CodeIgniter.php(355): CodeIgniter\CodeIgniter->handleRequest(null, Object(Config\Cache), false)
 5 SYSTEMPATH\Boot.php(325): CodeIgniter\CodeIgniter->run()
 6 SYSTEMPATH\Boot.php(67): CodeIgniter\Boot::runCodeIgniter(Object(CodeIgniter\CodeIgniter))
 7 FCPATH\index.php(56): CodeIgniter\Boot::bootWeb(Object(Config\Paths))
CRITICAL - 2024-08-06 15:24:33 --> ErrorException: Undefined variable $id_usuario
[Method: GET, Route: usuario/ver/1]
in APPPATH\Controllers\Usuario_controller.php on line 88.
 1 APPPATH\Controllers\Usuario_controller.php(88): CodeIgniter\Debug\Exceptions->errorHandler(2, 'Undefined variable $id_usuario', 'C:\\xampp\\htdocs\\ProT3_31969826_nuevo\\app\\Controllers\\Usuario_controller.php', 88)
 2 SYSTEMPATH\CodeIgniter.php(933): App\Controllers\Usuario_controller->ver_usuario('1')
 3 SYSTEMPATH\CodeIgniter.php(509): CodeIgniter\CodeIgniter->runController(Object(App\Controllers\Usuario_controller))
 4 SYSTEMPATH\CodeIgniter.php(355): CodeIgniter\CodeIgniter->handleRequest(null, Object(Config\Cache), false)
 5 SYSTEMPATH\Boot.php(325): CodeIgniter\CodeIgniter->run()
 6 SYSTEMPATH\Boot.php(67): CodeIgniter\Boot::runCodeIgniter(Object(CodeIgniter\CodeIgniter))
 7 FCPATH\index.php(56): CodeIgniter\Boot::bootWeb(Object(Config\Paths))
CRITICAL - 2024-08-06 18:30:15 --> ErrorException: Undefined variable $id_usuario
[Method: GET, Route: usuario/ver/2]
in APPPATH\Controllers\Usuario_controller.php on line 88.
 1 APPPATH\Controllers\Usuario_controller.php(88): CodeIgniter\Debug\Exceptions->errorHandler(2, 'Undefined variable $id_usuario', 'C:\\xampp\\htdocs\\ProT3_31969826_nuevo\\app\\Controllers\\Usuario_controller.php', 88)
 2 SYSTEMPATH\CodeIgniter.php(933): App\Controllers\Usuario_controller->ver_usuario('2')
 3 SYSTEMPATH\CodeIgniter.php(509): CodeIgniter\CodeIgniter->runController(Object(App\Controllers\Usuario_controller))
 4 SYSTEMPATH\CodeIgniter.php(355): CodeIgniter\CodeIgniter->handleRequest(null, Object(Config\Cache), false)
 5 SYSTEMPATH\Boot.php(325): CodeIgniter\CodeIgniter->run()
 6 SYSTEMPATH\Boot.php(67): CodeIgniter\Boot::runCodeIgniter(Object(CodeIgniter\CodeIgniter))
 7 FCPATH\index.php(56): CodeIgniter\Boot::bootWeb(Object(Config\Paths))
CRITICAL - 2024-08-06 18:30:53 --> ErrorException: Undefined variable $id
[Method: GET, Route: usuario/ver/2]
in APPPATH\Controllers\Usuario_controller.php on line 88.
 1 APPPATH\Controllers\Usuario_controller.php(88): CodeIgniter\Debug\Exceptions->errorHandler(2, 'Undefined variable $id', 'C:\\xampp\\htdocs\\ProT3_31969826_nuevo\\app\\Controllers\\Usuario_controller.php', 88)
 2 SYSTEMPATH\CodeIgniter.php(933): App\Controllers\Usuario_controller->ver_usuario('2')
 3 SYSTEMPATH\CodeIgniter.php(509): CodeIgniter\CodeIgniter->runController(Object(App\Controllers\Usuario_controller))
 4 SYSTEMPATH\CodeIgniter.php(355): CodeIgniter\CodeIgniter->handleRequest(null, Object(Config\Cache), false)
 5 SYSTEMPATH\Boot.php(325): CodeIgniter\CodeIgniter->run()
 6 SYSTEMPATH\Boot.php(67): CodeIgniter\Boot::runCodeIgniter(Object(CodeIgniter\CodeIgniter))
 7 FCPATH\index.php(56): CodeIgniter\Boot::bootWeb(Object(Config\Paths))
CRITICAL - 2024-08-06 18:39:43 --> ErrorException: Undefined variable $id_usuario
[Method: GET, Route: usuario/ver_usuario/1]
in APPPATH\Controllers\Usuario_controller.php on line 88.
 1 APPPATH\Controllers\Usuario_controller.php(88): CodeIgniter\Debug\Exceptions->errorHandler(2, 'Undefined variable $id_usuario', 'C:\\xampp\\htdocs\\ProT3_31969826_nuevo\\app\\Controllers\\Usuario_controller.php', 88)
 2 SYSTEMPATH\CodeIgniter.php(933): App\Controllers\Usuario_controller->ver_usuario('1')
 3 SYSTEMPATH\CodeIgniter.php(509): CodeIgniter\CodeIgniter->runController(Object(App\Controllers\Usuario_controller))
 4 SYSTEMPATH\CodeIgniter.php(355): CodeIgniter\CodeIgniter->handleRequest(null, Object(Config\Cache), false)
 5 SYSTEMPATH\Boot.php(325): CodeIgniter\CodeIgniter->run()
 6 SYSTEMPATH\Boot.php(67): CodeIgniter\Boot::runCodeIgniter(Object(CodeIgniter\CodeIgniter))
 7 FCPATH\index.php(56): CodeIgniter\Boot::bootWeb(Object(Config\Paths))
CRITICAL - 2024-08-06 18:53:05 --> ErrorException: Undefined variable $titulo
[Method: GET, Route: usuario/editar/1]
in APPPATH\Views\Front\head.php on line 7.
 1 APPPATH\Views\Front\head.php(7): CodeIgniter\Debug\Exceptions->errorHandler(2, 'Undefined variable $titulo', 'C:\\xampp\\htdocs\\ProT3_31969826_nuevo\\app\\Views\\Front\\head.php', 7)
 2 SYSTEMPATH\View\View.php(234): include('C:\\xampp\\htdocs\\ProT3_31969826_nuevo\\app\\Views\\Front\\head.php')
 3 SYSTEMPATH\View\View.php(237): CodeIgniter\View\View->CodeIgniter\View\{closure}()
 4 SYSTEMPATH\Common.php(1171): CodeIgniter\View\View->render('Front/head', [], true)
 5 APPPATH\Controllers\Usuario_controller.php(103): view('Front/head', [...])
 6 SYSTEMPATH\CodeIgniter.php(933): App\Controllers\Usuario_controller->editar('1')
 7 SYSTEMPATH\CodeIgniter.php(509): CodeIgniter\CodeIgniter->runController(Object(App\Controllers\Usuario_controller))
 8 SYSTEMPATH\CodeIgniter.php(355): CodeIgniter\CodeIgniter->handleRequest(null, Object(Config\Cache), false)
 9 SYSTEMPATH\Boot.php(325): CodeIgniter\CodeIgniter->run()
10 SYSTEMPATH\Boot.php(67): CodeIgniter\Boot::runCodeIgniter(Object(CodeIgniter\CodeIgniter))
11 FCPATH\index.php(56): CodeIgniter\Boot::bootWeb(Object(Config\Paths))
CRITICAL - 2024-08-06 19:02:30 --> ErrorException: Undefined variable $id_usuario
[Method: GET, Route: usuario/editar/1]
in APPPATH\Controllers\Usuario_controller.php on line 97.
 1 APPPATH\Controllers\Usuario_controller.php(97): CodeIgniter\Debug\Exceptions->errorHandler(2, 'Undefined variable $id_usuario', 'C:\\xampp\\htdocs\\ProT3_31969826_nuevo\\app\\Controllers\\Usuario_controller.php', 97)
 2 SYSTEMPATH\CodeIgniter.php(933): App\Controllers\Usuario_controller->editar('1')
 3 SYSTEMPATH\CodeIgniter.php(509): CodeIgniter\CodeIgniter->runController(Object(App\Controllers\Usuario_controller))
 4 SYSTEMPATH\CodeIgniter.php(355): CodeIgniter\CodeIgniter->handleRequest(null, Object(Config\Cache), false)
 5 SYSTEMPATH\Boot.php(325): CodeIgniter\CodeIgniter->run()
 6 SYSTEMPATH\Boot.php(67): CodeIgniter\Boot::runCodeIgniter(Object(CodeIgniter\CodeIgniter))
 7 FCPATH\index.php(56): CodeIgniter\Boot::bootWeb(Object(Config\Paths))
CRITICAL - 2024-08-06 19:03:10 --> ErrorException: Undefined variable $idUsuario
[Method: GET, Route: usuario/editar/1]
in APPPATH\Controllers\Usuario_controller.php on line 97.
 1 APPPATH\Controllers\Usuario_controller.php(97): CodeIgniter\Debug\Exceptions->errorHandler(2, 'Undefined variable $idUsuario', 'C:\\xampp\\htdocs\\ProT3_31969826_nuevo\\app\\Controllers\\Usuario_controller.php', 97)
 2 SYSTEMPATH\CodeIgniter.php(933): App\Controllers\Usuario_controller->editar('1')
 3 SYSTEMPATH\CodeIgniter.php(509): CodeIgniter\CodeIgniter->runController(Object(App\Controllers\Usuario_controller))
 4 SYSTEMPATH\CodeIgniter.php(355): CodeIgniter\CodeIgniter->handleRequest(null, Object(Config\Cache), false)
 5 SYSTEMPATH\Boot.php(325): CodeIgniter\CodeIgniter->run()
 6 SYSTEMPATH\Boot.php(67): CodeIgniter\Boot::runCodeIgniter(Object(CodeIgniter\CodeIgniter))
 7 FCPATH\index.php(56): CodeIgniter\Boot::bootWeb(Object(Config\Paths))
CRITICAL - 2024-08-06 19:04:36 --> ErrorException: Undefined variable $id_usuario
[Method: GET, Route: usuario/ver_usuario/1]
in APPPATH\Controllers\Usuario_controller.php on line 87.
 1 APPPATH\Controllers\Usuario_controller.php(87): CodeIgniter\Debug\Exceptions->errorHandler(2, 'Undefined variable $id_usuario', 'C:\\xampp\\htdocs\\ProT3_31969826_nuevo\\app\\Controllers\\Usuario_controller.php', 87)
 2 SYSTEMPATH\CodeIgniter.php(933): App\Controllers\Usuario_controller->ver_usuario('1')
 3 SYSTEMPATH\CodeIgniter.php(509): CodeIgniter\CodeIgniter->runController(Object(App\Controllers\Usuario_controller))
 4 SYSTEMPATH\CodeIgniter.php(355): CodeIgniter\CodeIgniter->handleRequest(null, Object(Config\Cache), false)
 5 SYSTEMPATH\Boot.php(325): CodeIgniter\CodeIgniter->run()
 6 SYSTEMPATH\Boot.php(67): CodeIgniter\Boot::runCodeIgniter(Object(CodeIgniter\CodeIgniter))
 7 FCPATH\index.php(56): CodeIgniter\Boot::bootWeb(Object(Config\Paths))
CRITICAL - 2024-08-06 19:05:22 --> ErrorException: Undefined variable $id
[Method: GET, Route: usuario/ver_usuario/1]
in APPPATH\Controllers\Usuario_controller.php on line 87.
 1 APPPATH\Controllers\Usuario_controller.php(87): CodeIgniter\Debug\Exceptions->errorHandler(2, 'Undefined variable $id', 'C:\\xampp\\htdocs\\ProT3_31969826_nuevo\\app\\Controllers\\Usuario_controller.php', 87)
 2 SYSTEMPATH\CodeIgniter.php(933): App\Controllers\Usuario_controller->ver_usuario('1')
 3 SYSTEMPATH\CodeIgniter.php(509): CodeIgniter\CodeIgniter->runController(Object(App\Controllers\Usuario_controller))
 4 SYSTEMPATH\CodeIgniter.php(355): CodeIgniter\CodeIgniter->handleRequest(null, Object(Config\Cache), false)
 5 SYSTEMPATH\Boot.php(325): CodeIgniter\CodeIgniter->run()
 6 SYSTEMPATH\Boot.php(67): CodeIgniter\Boot::runCodeIgniter(Object(CodeIgniter\CodeIgniter))
 7 FCPATH\index.php(56): CodeIgniter\Boot::bootWeb(Object(Config\Paths))
CRITICAL - 2024-08-06 19:08:47 --> ErrorException: Undefined variable $idUsuario
[Method: GET, Route: usuario/ver_usuario/1]
in APPPATH\Controllers\Usuario_controller.php on line 87.
 1 APPPATH\Controllers\Usuario_controller.php(87): CodeIgniter\Debug\Exceptions->errorHandler(2, 'Undefined variable $idUsuario', 'C:\\xampp\\htdocs\\ProT3_31969826_nuevo\\app\\Controllers\\Usuario_controller.php', 87)
 2 SYSTEMPATH\CodeIgniter.php(933): App\Controllers\Usuario_controller->ver_usuario('1')
 3 SYSTEMPATH\CodeIgniter.php(509): CodeIgniter\CodeIgniter->runController(Object(App\Controllers\Usuario_controller))
 4 SYSTEMPATH\CodeIgniter.php(355): CodeIgniter\CodeIgniter->handleRequest(null, Object(Config\Cache), false)
 5 SYSTEMPATH\Boot.php(325): CodeIgniter\CodeIgniter->run()
 6 SYSTEMPATH\Boot.php(67): CodeIgniter\Boot::runCodeIgniter(Object(CodeIgniter\CodeIgniter))
 7 FCPATH\index.php(56): CodeIgniter\Boot::bootWeb(Object(Config\Paths))
CRITICAL - 2024-08-06 19:19:14 --> ErrorException: Undefined variable $idUsuario
[Method: GET, Route: usuario/editar/1]
in APPPATH\Controllers\Usuario_controller.php on line 97.
 1 APPPATH\Controllers\Usuario_controller.php(97): CodeIgniter\Debug\Exceptions->errorHandler(2, 'Undefined variable $idUsuario', 'C:\\xampp\\htdocs\\ProT3_31969826_nuevo\\app\\Controllers\\Usuario_controller.php', 97)
 2 SYSTEMPATH\CodeIgniter.php(933): App\Controllers\Usuario_controller->editar('1')
 3 SYSTEMPATH\CodeIgniter.php(509): CodeIgniter\CodeIgniter->runController(Object(App\Controllers\Usuario_controller))
 4 SYSTEMPATH\CodeIgniter.php(355): CodeIgniter\CodeIgniter->handleRequest(null, Object(Config\Cache), false)
 5 SYSTEMPATH\Boot.php(325): CodeIgniter\CodeIgniter->run()
 6 SYSTEMPATH\Boot.php(67): CodeIgniter\Boot::runCodeIgniter(Object(CodeIgniter\CodeIgniter))
 7 FCPATH\index.php(56): CodeIgniter\Boot::bootWeb(Object(Config\Paths))
CRITICAL - 2024-08-06 19:19:55 --> ErrorException: Undefined variable $id
[Method: GET, Route: usuario/editar/1]
in APPPATH\Controllers\Usuario_controller.php on line 97.
 1 APPPATH\Controllers\Usuario_controller.php(97): CodeIgniter\Debug\Exceptions->errorHandler(2, 'Undefined variable $id', 'C:\\xampp\\htdocs\\ProT3_31969826_nuevo\\app\\Controllers\\Usuario_controller.php', 97)
 2 SYSTEMPATH\CodeIgniter.php(933): App\Controllers\Usuario_controller->editar('1')
 3 SYSTEMPATH\CodeIgniter.php(509): CodeIgniter\CodeIgniter->runController(Object(App\Controllers\Usuario_controller))
 4 SYSTEMPATH\CodeIgniter.php(355): CodeIgniter\CodeIgniter->handleRequest(null, Object(Config\Cache), false)
 5 SYSTEMPATH\Boot.php(325): CodeIgniter\CodeIgniter->run()
 6 SYSTEMPATH\Boot.php(67): CodeIgniter\Boot::runCodeIgniter(Object(CodeIgniter\CodeIgniter))
 7 FCPATH\index.php(56): CodeIgniter\Boot::bootWeb(Object(Config\Paths))
CRITICAL - 2024-08-06 19:22:00 --> ErrorException: Undefined array key "usuario"
[Method: GET, Route: usuario/editar/1]
in APPPATH\Controllers\Usuario_controller.php on line 98.
 1 APPPATH\Controllers\Usuario_controller.php(98): CodeIgniter\Debug\Exceptions->errorHandler(2, 'Undefined array key "usuario"', 'C:\\xampp\\htdocs\\ProT3_31969826_nuevo\\app\\Controllers\\Usuario_controller.php', 98)
 2 SYSTEMPATH\CodeIgniter.php(933): App\Controllers\Usuario_controller->editar('1')
 3 SYSTEMPATH\CodeIgniter.php(509): CodeIgniter\CodeIgniter->runController(Object(App\Controllers\Usuario_controller))
 4 SYSTEMPATH\CodeIgniter.php(355): CodeIgniter\CodeIgniter->handleRequest(null, Object(Config\Cache), false)
 5 SYSTEMPATH\Boot.php(325): CodeIgniter\CodeIgniter->run()
 6 SYSTEMPATH\Boot.php(67): CodeIgniter\Boot::runCodeIgniter(Object(CodeIgniter\CodeIgniter))
 7 FCPATH\index.php(56): CodeIgniter\Boot::bootWeb(Object(Config\Paths))
CRITICAL - 2024-08-06 19:24:41 --> ErrorException: Undefined array key "usuario"
[Method: GET, Route: usuario/editar/1]
in APPPATH\Controllers\Usuario_controller.php on line 98.
 1 APPPATH\Controllers\Usuario_controller.php(98): CodeIgniter\Debug\Exceptions->errorHandler(2, 'Undefined array key "usuario"', 'C:\\xampp\\htdocs\\ProT3_31969826_nuevo\\app\\Controllers\\Usuario_controller.php', 98)
 2 SYSTEMPATH\CodeIgniter.php(933): App\Controllers\Usuario_controller->editar('1')
 3 SYSTEMPATH\CodeIgniter.php(509): CodeIgniter\CodeIgniter->runController(Object(App\Controllers\Usuario_controller))
 4 SYSTEMPATH\CodeIgniter.php(355): CodeIgniter\CodeIgniter->handleRequest(null, Object(Config\Cache), false)
 5 SYSTEMPATH\Boot.php(325): CodeIgniter\CodeIgniter->run()
 6 SYSTEMPATH\Boot.php(67): CodeIgniter\Boot::runCodeIgniter(Object(CodeIgniter\CodeIgniter))
 7 FCPATH\index.php(56): CodeIgniter\Boot::bootWeb(Object(Config\Paths))
CRITICAL - 2024-08-06 19:53:13 --> ErrorException: Undefined variable $titulo
[Method: GET, Route: usuario/editar/3]
in APPPATH\Views\Front\head.php on line 7.
 1 APPPATH\Views\Front\head.php(7): CodeIgniter\Debug\Exceptions->errorHandler(2, 'Undefined variable $titulo', 'C:\\xampp\\htdocs\\ProT3_31969826_nuevo\\app\\Views\\Front\\head.php', 7)
 2 SYSTEMPATH\View\View.php(234): include('C:\\xampp\\htdocs\\ProT3_31969826_nuevo\\app\\Views\\Front\\head.php')
 3 SYSTEMPATH\View\View.php(237): CodeIgniter\View\View->CodeIgniter\View\{closure}()
 4 SYSTEMPATH\Common.php(1171): CodeIgniter\View\View->render('Front/head', [], true)
 5 APPPATH\Controllers\Usuario_controller.php(109): view('Front/head', [...])
 6 SYSTEMPATH\CodeIgniter.php(933): App\Controllers\Usuario_controller->editar('3')
 7 SYSTEMPATH\CodeIgniter.php(509): CodeIgniter\CodeIgniter->runController(Object(App\Controllers\Usuario_controller))
 8 SYSTEMPATH\CodeIgniter.php(355): CodeIgniter\CodeIgniter->handleRequest(null, Object(Config\Cache), false)
 9 SYSTEMPATH\Boot.php(325): CodeIgniter\CodeIgniter->run()
10 SYSTEMPATH\Boot.php(67): CodeIgniter\Boot::runCodeIgniter(Object(CodeIgniter\CodeIgniter))
11 FCPATH\index.php(56): CodeIgniter\Boot::bootWeb(Object(Config\Paths))
CRITICAL - 2024-08-06 19:57:59 --> ErrorException: Undefined variable $miVariable3
[Method: GET, Route: usuario/editar/3]
in APPPATH\Views\Back\usuario\editar.php on line 134.
 1 APPPATH\Views\Back\usuario\editar.php(134): CodeIgniter\Debug\Exceptions->errorHandler(2, 'Undefined variable $miVariable3', 'C:\\xampp\\htdocs\\ProT3_31969826_nuevo\\app\\Views\\Back\\usuario\\editar.php', 134)
 2 SYSTEMPATH\View\View.php(234): include('C:\\xampp\\htdocs\\ProT3_31969826_nuevo\\app\\Views\\Back\\usuario\\editar.php')
 3 SYSTEMPATH\View\View.php(237): CodeIgniter\View\View->CodeIgniter\View\{closure}()
 4 SYSTEMPATH\Common.php(1171): CodeIgniter\View\View->render('Back/usuario/editar', [], true)
 5 APPPATH\Controllers\Usuario_controller.php(115): view('Back/usuario/editar', [...])
 6 SYSTEMPATH\CodeIgniter.php(933): App\Controllers\Usuario_controller->editar('3')
 7 SYSTEMPATH\CodeIgniter.php(509): CodeIgniter\CodeIgniter->runController(Object(App\Controllers\Usuario_controller))
 8 SYSTEMPATH\CodeIgniter.php(355): CodeIgniter\CodeIgniter->handleRequest(null, Object(Config\Cache), false)
 9 SYSTEMPATH\Boot.php(325): CodeIgniter\CodeIgniter->run()
10 SYSTEMPATH\Boot.php(67): CodeIgniter\Boot::runCodeIgniter(Object(CodeIgniter\CodeIgniter))
11 FCPATH\index.php(56): CodeIgniter\Boot::bootWeb(Object(Config\Paths))
CRITICAL - 2024-08-06 19:59:31 --> ErrorException: Trying to access array offset on value of type null
[Method: GET, Route: usuario/editar/3]
in APPPATH\Views\Back\usuario\editar.php on line 137.
 1 APPPATH\Views\Back\usuario\editar.php(137): CodeIgniter\Debug\Exceptions->errorHandler(2, 'Trying to access array offset on value of type null', 'C:\\xampp\\htdocs\\ProT3_31969826_nuevo\\app\\Views\\Back\\usuario\\editar.php', 137)
 2 SYSTEMPATH\View\View.php(234): include('C:\\xampp\\htdocs\\ProT3_31969826_nuevo\\app\\Views\\Back\\usuario\\editar.php')
 3 SYSTEMPATH\View\View.php(237): CodeIgniter\View\View->CodeIgniter\View\{closure}()
 4 SYSTEMPATH\Common.php(1171): CodeIgniter\View\View->render('Back/usuario/editar', [], true)
 5 APPPATH\Controllers\Usuario_controller.php(116): view('Back/usuario/editar', [...])
 6 SYSTEMPATH\CodeIgniter.php(933): App\Controllers\Usuario_controller->editar('3')
 7 SYSTEMPATH\CodeIgniter.php(509): CodeIgniter\CodeIgniter->runController(Object(App\Controllers\Usuario_controller))
 8 SYSTEMPATH\CodeIgniter.php(355): CodeIgniter\CodeIgniter->handleRequest(null, Object(Config\Cache), false)
 9 SYSTEMPATH\Boot.php(325): CodeIgniter\CodeIgniter->run()
10 SYSTEMPATH\Boot.php(67): CodeIgniter\Boot::runCodeIgniter(Object(CodeIgniter\CodeIgniter))
11 FCPATH\index.php(56): CodeIgniter\Boot::bootWeb(Object(Config\Paths))
CRITICAL - 2024-08-06 20:02:46 --> ErrorException: Undefined array key "mail"
[Method: GET, Route: usuario/editar/3]
in APPPATH\Views\Back\usuario\editar.php on line 148.
 1 APPPATH\Views\Back\usuario\editar.php(148): CodeIgniter\Debug\Exceptions->errorHandler(2, 'Undefined array key "mail"', 'C:\\xampp\\htdocs\\ProT3_31969826_nuevo\\app\\Views\\Back\\usuario\\editar.php', 148)
 2 SYSTEMPATH\View\View.php(234): include('C:\\xampp\\htdocs\\ProT3_31969826_nuevo\\app\\Views\\Back\\usuario\\editar.php')
 3 SYSTEMPATH\View\View.php(237): CodeIgniter\View\View->CodeIgniter\View\{closure}()
 4 SYSTEMPATH\Common.php(1171): CodeIgniter\View\View->render('Back/usuario/editar', [], true)
 5 APPPATH\Controllers\Usuario_controller.php(116): view('Back/usuario/editar', [...])
 6 SYSTEMPATH\CodeIgniter.php(933): App\Controllers\Usuario_controller->editar('3')
 7 SYSTEMPATH\CodeIgniter.php(509): CodeIgniter\CodeIgniter->runController(Object(App\Controllers\Usuario_controller))
 8 SYSTEMPATH\CodeIgniter.php(355): CodeIgniter\CodeIgniter->handleRequest(null, Object(Config\Cache), false)
 9 SYSTEMPATH\Boot.php(325): CodeIgniter\CodeIgniter->run()
10 SYSTEMPATH\Boot.php(67): CodeIgniter\Boot::runCodeIgniter(Object(CodeIgniter\CodeIgniter))
11 FCPATH\index.php(56): CodeIgniter\Boot::bootWeb(Object(Config\Paths))
CRITICAL - 2024-08-06 20:42:39 --> ErrorException: Undefined variable $id_usuario
[Method: GET, Route: usuario/ver_usuario/6]
in APPPATH\Controllers\Usuario_controller.php on line 87.
 1 APPPATH\Controllers\Usuario_controller.php(87): CodeIgniter\Debug\Exceptions->errorHandler(2, 'Undefined variable $id_usuario', 'C:\\xampp\\htdocs\\ProT3_31969826_nuevo\\app\\Controllers\\Usuario_controller.php', 87)
 2 SYSTEMPATH\CodeIgniter.php(933): App\Controllers\Usuario_controller->ver_usuario('6')
 3 SYSTEMPATH\CodeIgniter.php(509): CodeIgniter\CodeIgniter->runController(Object(App\Controllers\Usuario_controller))
 4 SYSTEMPATH\CodeIgniter.php(355): CodeIgniter\CodeIgniter->handleRequest(null, Object(Config\Cache), false)
 5 SYSTEMPATH\Boot.php(325): CodeIgniter\CodeIgniter->run()
 6 SYSTEMPATH\Boot.php(67): CodeIgniter\Boot::runCodeIgniter(Object(CodeIgniter\CodeIgniter))
 7 FCPATH\index.php(56): CodeIgniter\Boot::bootWeb(Object(Config\Paths))
CRITICAL - 2024-08-06 20:43:07 --> ErrorException: Undefined variable $id_usuario
[Method: GET, Route: usuario/ver_usuario/1]
in APPPATH\Controllers\Usuario_controller.php on line 87.
 1 APPPATH\Controllers\Usuario_controller.php(87): CodeIgniter\Debug\Exceptions->errorHandler(2, 'Undefined variable $id_usuario', 'C:\\xampp\\htdocs\\ProT3_31969826_nuevo\\app\\Controllers\\Usuario_controller.php', 87)
 2 SYSTEMPATH\CodeIgniter.php(933): App\Controllers\Usuario_controller->ver_usuario('1')
 3 SYSTEMPATH\CodeIgniter.php(509): CodeIgniter\CodeIgniter->runController(Object(App\Controllers\Usuario_controller))
 4 SYSTEMPATH\CodeIgniter.php(355): CodeIgniter\CodeIgniter->handleRequest(null, Object(Config\Cache), false)
 5 SYSTEMPATH\Boot.php(325): CodeIgniter\CodeIgniter->run()
 6 SYSTEMPATH\Boot.php(67): CodeIgniter\Boot::runCodeIgniter(Object(CodeIgniter\CodeIgniter))
 7 FCPATH\index.php(56): CodeIgniter\Boot::bootWeb(Object(Config\Paths))
CRITICAL - 2024-08-06 20:45:01 --> ParseError: Unclosed '{' on line 6
[Method: GET, Route: listado_usuario]
in APPPATH\Controllers\Usuario_controller.php on line 141.
 1 SYSTEMPATH\Autoloader\Autoloader.php(296): CodeIgniter\Autoloader\Autoloader->includeFile('C:\\xampp\\htdocs\\ProT3_31969826_nuevo\\app\\Controllers\\Usuario_controller.php')
 2 SYSTEMPATH\Autoloader\Autoloader.php(272): CodeIgniter\Autoloader\Autoloader->loadInNamespace('App\\Controllers\\Usuario_controller')
 3 [internal function]: CodeIgniter\Autoloader\Autoloader->loadClass('App\\Controllers\\Usuario_controller')
 4 SYSTEMPATH\CodeIgniter.php(887): class_exists('\\App\\Controllers\\Usuario_controller', true)
 5 SYSTEMPATH\CodeIgniter.php(496): CodeIgniter\CodeIgniter->startController()
 6 SYSTEMPATH\CodeIgniter.php(355): CodeIgniter\CodeIgniter->handleRequest(null, Object(Config\Cache), false)
 7 SYSTEMPATH\Boot.php(325): CodeIgniter\CodeIgniter->run()
 8 SYSTEMPATH\Boot.php(67): CodeIgniter\Boot::runCodeIgniter(Object(CodeIgniter\CodeIgniter))
 9 FCPATH\index.php(56): CodeIgniter\Boot::bootWeb(Object(Config\Paths))
CRITICAL - 2024-08-06 20:45:41 --> ParseError: Unclosed '{' on line 6
[Method: GET, Route: listado_usuario]
in APPPATH\Controllers\Usuario_controller.php on line 142.
 1 SYSTEMPATH\Autoloader\Autoloader.php(296): CodeIgniter\Autoloader\Autoloader->includeFile('C:\\xampp\\htdocs\\ProT3_31969826_nuevo\\app\\Controllers\\Usuario_controller.php')
 2 SYSTEMPATH\Autoloader\Autoloader.php(272): CodeIgniter\Autoloader\Autoloader->loadInNamespace('App\\Controllers\\Usuario_controller')
 3 [internal function]: CodeIgniter\Autoloader\Autoloader->loadClass('App\\Controllers\\Usuario_controller')
 4 SYSTEMPATH\CodeIgniter.php(887): class_exists('\\App\\Controllers\\Usuario_controller', true)
 5 SYSTEMPATH\CodeIgniter.php(496): CodeIgniter\CodeIgniter->startController()
 6 SYSTEMPATH\CodeIgniter.php(355): CodeIgniter\CodeIgniter->handleRequest(null, Object(Config\Cache), false)
 7 SYSTEMPATH\Boot.php(325): CodeIgniter\CodeIgniter->run()
 8 SYSTEMPATH\Boot.php(67): CodeIgniter\Boot::runCodeIgniter(Object(CodeIgniter\CodeIgniter))
 9 FCPATH\index.php(56): CodeIgniter\Boot::bootWeb(Object(Config\Paths))
CRITICAL - 2024-08-06 20:49:10 --> ErrorException: compact(): Undefined variable $dato
[Method: GET, Route: usuario/ver_usuario/1]
in APPPATH\Controllers\Usuario_controller.php on line 90.
 1 [internal function]: CodeIgniter\Debug\Exceptions->errorHandler(2, 'compact(): Undefined variable $dato', 'C:\\xampp\\htdocs\\ProT3_31969826_nuevo\\app\\Controllers\\Usuario_controller.php', 90)
 2 APPPATH\Controllers\Usuario_controller.php(90): compact('dato')
 3 SYSTEMPATH\CodeIgniter.php(933): App\Controllers\Usuario_controller->ver_usuario('1')
 4 SYSTEMPATH\CodeIgniter.php(509): CodeIgniter\CodeIgniter->runController(Object(App\Controllers\Usuario_controller))
 5 SYSTEMPATH\CodeIgniter.php(355): CodeIgniter\CodeIgniter->handleRequest(null, Object(Config\Cache), false)
 6 SYSTEMPATH\Boot.php(325): CodeIgniter\CodeIgniter->run()
 7 SYSTEMPATH\Boot.php(67): CodeIgniter\Boot::runCodeIgniter(Object(CodeIgniter\CodeIgniter))
 8 FCPATH\index.php(56): CodeIgniter\Boot::bootWeb(Object(Config\Paths))
CRITICAL - 2024-08-06 20:51:26 --> ErrorException: Undefined variable $perfil
[Method: GET, Route: usuario/ver_usuario/2]
in APPPATH\Controllers\Usuario_controller.php on line 89.
 1 APPPATH\Controllers\Usuario_controller.php(89): CodeIgniter\Debug\Exceptions->errorHandler(2, 'Undefined variable $perfil', 'C:\\xampp\\htdocs\\ProT3_31969826_nuevo\\app\\Controllers\\Usuario_controller.php', 89)
 2 SYSTEMPATH\CodeIgniter.php(933): App\Controllers\Usuario_controller->ver_usuario('2')
 3 SYSTEMPATH\CodeIgniter.php(509): CodeIgniter\CodeIgniter->runController(Object(App\Controllers\Usuario_controller))
 4 SYSTEMPATH\CodeIgniter.php(355): CodeIgniter\CodeIgniter->handleRequest(null, Object(Config\Cache), false)
 5 SYSTEMPATH\Boot.php(325): CodeIgniter\CodeIgniter->run()
 6 SYSTEMPATH\Boot.php(67): CodeIgniter\Boot::runCodeIgniter(Object(CodeIgniter\CodeIgniter))
 7 FCPATH\index.php(56): CodeIgniter\Boot::bootWeb(Object(Config\Paths))
